# Aste started: 2010-07-23 07:00:03
# Host id: Boogiebox
# [2010-07-23 07:02:07] SpecSharp revision: 55320
# [2010-07-23 07:03:03] Boogie revision: 55452
# [2010-07-23 07:03:25] SscBoogie revision: 55325
[2010-07-23 07:03:49] C:\Program Files (x86)\Microsoft Visual Studio 9.0\Common7\IDE\devenv.com SpecSharp.sln /Build DebugCommandLine

    warning CS1668
    warning CS1668
[2010-07-23 07:05:29] C:\Program Files (x86)\Microsoft Visual Studio 9.0\Common7\IDE\devenv.com Boogie.sln /Build Debug

    D:\Temp\aste\Boogie\Source\AbsInt\ExprFactories.cs(111,7): warning CS0162: Unreachable code detected
    D:\Temp\aste\Boogie\Source\AbsInt\ExprFactories.cs(290,7): warning CS0162: Unreachable code detected
    D:\Temp\aste\Boogie\Source\AbsInt\ExprFactories.cs(308,7): warning CS0162: Unreachable code detected
    D:\Temp\aste\Boogie\Source\AbsInt\LoopInvariantsOnDemand.cs(44,7): warning CC1032: Method 'Microsoft.Boogie.AbstractInterpretation.FreeVariablesVisitor.Default(optional(Microsoft.Contracts.NonNullType) Microsoft.AbstractInterpretationFramework.IExpr)' overrides 'Microsoft.AbstractInterpretationFramework.ExprVisitor.Default(optional(Microsoft.Contracts.NonNullType) Microsoft.AbstractInterpretationFramework.IExpr)', thus cannot add Requires.
    D:\Temp\aste\Boogie\Source\AbsInt\LoopInvariantsOnDemand.cs(65,7): warning CC1032: Method 'Microsoft.Boogie.AbstractInterpretation.FreeVariablesVisitor.VisitFunApp(optional(Microsoft.Contracts.NonNullType) Microsoft.AbstractInterpretationFramework.IFunApp)' overrides 'Microsoft.AbstractInterpretationFramework.ExprVisitor.VisitFunApp(optional(Microsoft.Contracts.NonNullType) Microsoft.AbstractInterpretationFramework.IFunApp)', thus cannot add Requires.
    D:\Temp\aste\Boogie\Source\AbsInt\LoopInvariantsOnDemand.cs(74,7): warning CC1032: Method 'Microsoft.Boogie.AbstractInterpretation.FreeVariablesVisitor.VisitFunction(optional(Microsoft.Contracts.NonNullType) Microsoft.AbstractInterpretationFramework.IFunction)' overrides 'Microsoft.AbstractInterpretationFramework.ExprVisitor.VisitFunction(optional(Microsoft.Contracts.NonNullType) Microsoft.AbstractInterpretationFramework.IFunction)', thus cannot add Requires.
    warning CS0162
    warning CS0162
    warning CS0162
[2010-07-23 07:29:16] 0 out of 25 test(s) in D:\Temp\aste\Boogie\Test\alltests.txt failed
# [2010-07-23 07:30:58] Released nightly of Boogie
